# JRE version: Java(TM) SE Runtime Environment (8.0_171-b11) (build 1.8.0_171-b11)
# Java VM: Java HotSpot(TM) 64-Bit Server VM (25.171-b11 mixed mode windows-amd64 compressed oops)
Heap:
 PSYoungGen      total 993280K, used 380132K [0x000000076b600000, 0x00000007ad480000, 0x00000007c0000000)
  eden space 982528K, 38% used [0x000000076b600000,0x00000007829393c8,0x00000007a7580000)
  from space 10752K, 0% used [0x00000007a7580000,0x00000007a7580000,0x00000007a8000000)
  to   space 10752K, 0% used [0x00000007aca00000,0x00000007aca00000,0x00000007ad480000)
 ParOldGen       total 2604544K, used 1794185K [0x00000006c2200000, 0x0000000761180000, 0x000000076b600000)
  object space 2604544K, 68% used [0x00000006c2200000,0x000000072fa22610,0x0000000761180000)
 Metaspace       used 4403K, capacity 4708K, committed 4992K, reserved 1056768K
  class space    used 480K, capacity 526K, committed 640K, reserved 1048576K
GC Heap History (10 events):
Event: 5.110 GC heap before
{Heap before GC invocations=56 (full 43):
 PSYoungGen      total 993280K, used 10368K [0x000000076b600000, 0x00000007ad480000, 0x00000007c0000000)
  eden space 982528K, 0% used [0x000000076b600000,0x000000076b600000,0x00000007a7580000)
  from space 10752K, 96% used [0x00000007a7580000,0x00000007a7fa00a0,0x00000007a8000000)
  to   space 10752K, 0% used [0x00000007aca00000,0x00000007aca00000,0x00000007ad480000)
 ParOldGen       total 2592256K, used 2043976K [0x00000006c2200000, 0x0000000760580000, 0x000000076b600000)
  object space 2592256K, 78% used [0x00000006c2200000,0x000000073ee12250,0x0000000760580000)
 Metaspace       used 4403K, capacity 4708K, committed 4992K, reserved 1056768K
  class space    used 480K, capacity 526K, committed 640K, reserved 1048576K
Event: 5.186 GC heap after
Heap after GC invocations=56 (full 43):
 PSYoungGen      total 993280K, used 0K [0x000000076b600000, 0x00000007ad480000, 0x00000007c0000000)
  eden space 982528K, 0% used [0x000000076b600000,0x000000076b600000,0x00000007a7580000)
  from space 10752K, 0% used [0x00000007a7580000,0x00000007a7580000,0x00000007a8000000)
  to   space 10752K, 0% used [0x00000007aca00000,0x00000007aca00000,0x00000007ad480000)
 ParOldGen       total 2592256K, used 2010221K [0x00000006c2200000, 0x0000000760580000, 0x000000076b600000)
  object space 2592256K, 77% used [0x00000006c2200000,0x000000073cd1b5f0,0x0000000760580000)
 Metaspace       used 4403K, capacity 4708K, committed 4992K, reserved 1056768K
  class space    used 480K, capacity 526K, committed 640K, reserved 1048576K
}
Event: 5.235 GC heap before
{Heap before GC invocations=57 (full 44):
 PSYoungGen      total 993280K, used 981571K [0x000000076b600000, 0x00000007ad480000, 0x00000007c0000000)
  eden space 982528K, 99% used [0x000000076b600000,0x00000007a7490dc0,0x00000007a7580000)
  from space 10752K, 0% used [0x00000007a7580000,0x00000007a7580000,0x00000007a8000000)
  to   space 10752K, 0% used [0x00000007aca00000,0x00000007aca00000,0x00000007ad480000)
 ParOldGen       total 2592256K, used 2010221K [0x00000006c2200000, 0x0000000760580000, 0x000000076b600000)
  object space 2592256K, 77% used [0x00000006c2200000,0x000000073cd1b5f0,0x0000000760580000)
 Metaspace       used 4403K, capacity 4708K, committed 4992K, reserved 1056768K
  class space    used 480K, capacity 526K, committed 640K, reserved 1048576K
Event: 5.540 GC heap after
Heap after GC invocations=57 (full 44):
 PSYoungGen      total 993280K, used 399366K [0x000000076b600000, 0x00000007ad480000, 0x00000007c0000000)
  eden space 982528K, 40% used [0x000000076b600000,0x0000000783c01860,0x00000007a7580000)
  from space 10752K, 0% used [0x00000007a7580000,0x00000007a7580000,0x00000007a8000000)
  to   space 10752K, 0% used [0x00000007aca00000,0x00000007aca00000,0x00000007ad480000)
 ParOldGen       total 2592256K, used 2591871K [0x00000006c2200000, 0x0000000760580000, 0x000000076b600000)
  object space 2592256K, 99% used [0x00000006c2200000,0x000000076051fc20,0x0000000760580000)
 Metaspace       used 4403K, capacity 4708K, committed 4992K, reserved 1056768K
  class space    used 480K, capacity 526K, committed 640K, reserved 1048576K
}
Event: 5.568 GC heap before
{Heap before GC invocations=58 (full 45):
 PSYoungGen      total 993280K, used 982391K [0x000000076b600000, 0x00000007ad480000, 0x00000007c0000000)
  eden space 982528K, 99% used [0x000000076b600000,0x00000007a755dc98,0x00000007a7580000)
  from space 10752K, 0% used [0x00000007a7580000,0x00000007a7580000,0x00000007a8000000)
  to   space 10752K, 0% used [0x00000007aca00000,0x00000007aca00000,0x00000007ad480000)
 ParOldGen       total 2592256K, used 2591871K [0x00000006c2200000, 0x0000000760580000, 0x000000076b600000)
  object space 2592256K, 99% used [0x00000006c2200000,0x000000076051fc20,0x0000000760580000)
 Metaspace       used 4403K, capacity 4708K, committed 4992K, reserved 1056768K
  class space    used 480K, capacity 526K, committed 640K, reserved 1048576K
Event: 5.645 GC heap after
Heap after GC invocations=58 (full 45):
 PSYoungGen      total 993280K, used 982053K [0x000000076b600000, 0x00000007ad480000, 0x00000007c0000000)
  eden space 982528K, 99% used [0x000000076b600000,0x00000007a75094b0,0x00000007a7580000)
  from space 10752K, 0% used [0x00000007a7580000,0x00000007a7580000,0x00000007a8000000)
  to   space 10752K, 0% used [0x00000007aca00000,0x00000007aca00000,0x00000007ad480000)
 ParOldGen       total 2592256K, used 2591871K [0x00000006c2200000, 0x0000000760580000, 0x000000076b600000)
  object space 2592256K, 99% used [0x00000006c2200000,0x000000076051fc20,0x0000000760580000)
 Metaspace       used 4403K, capacity 4708K, committed 4992K, reserved 1056768K
  class space    used 480K, capacity 526K, committed 640K, reserved 1048576K
}
Event: 5.649 GC heap before
{Heap before GC invocations=59 (full 46):
 PSYoungGen      total 993280K, used 982528K [0x000000076b600000, 0x00000007ad480000, 0x00000007c0000000)
  eden space 982528K, 100% used [0x000000076b600000,0x00000007a7580000,0x00000007a7580000)
  from space 10752K, 0% used [0x00000007a7580000,0x00000007a7580000,0x00000007a8000000)
  to   space 10752K, 0% used [0x00000007aca00000,0x00000007aca00000,0x00000007ad480000)
 ParOldGen       total 2604544K, used 2604159K [0x00000006c2200000, 0x0000000761180000, 0x000000076b600000)
  object space 2604544K, 99% used [0x00000006c2200000,0x000000076111fce0,0x0000000761180000)
 Metaspace       used 4403K, capacity 4708K, committed 4992K, reserved 1056768K
  class space    used 480K, capacity 526K, committed 640K, reserved 1048576K
Event: 5.661 GC heap after
Heap after GC invocations=59 (full 46):
 PSYoungGen      total 993280K, used 982053K [0x000000076b600000, 0x00000007ad480000, 0x00000007c0000000)
  eden space 982528K, 99% used [0x000000076b600000,0x00000007a7509690,0x00000007a7580000)
  from space 10752K, 0% used [0x00000007a7580000,0x00000007a7580000,0x00000007a8000000)
  to   space 10752K, 0% used [0x00000007aca00000,0x00000007aca00000,0x00000007ad480000)
 ParOldGen       total 2604544K, used 2604159K [0x00000006c2200000, 0x0000000761180000, 0x000000076b600000)
  object space 2604544K, 99% used [0x00000006c2200000,0x000000076111fce0,0x0000000761180000)
 Metaspace       used 4403K, capacity 4708K, committed 4992K, reserved 1056768K
  class space    used 480K, capacity 526K, committed 640K, reserved 1048576K
}
Event: 5.661 GC heap before
{Heap before GC invocations=60 (full 47):
 PSYoungGen      total 993280K, used 982053K [0x000000076b600000, 0x00000007ad480000, 0x00000007c0000000)
  eden space 982528K, 99% used [0x000000076b600000,0x00000007a7509690,0x00000007a7580000)
  from space 10752K, 0% used [0x00000007a7580000,0x00000007a7580000,0x00000007a8000000)
  to   space 10752K, 0% used [0x00000007aca00000,0x00000007aca00000,0x00000007ad480000)
 ParOldGen       total 2604544K, used 2604159K [0x00000006c2200000, 0x0000000761180000, 0x000000076b600000)
  object space 2604544K, 99% used [0x00000006c2200000,0x000000076111fce0,0x0000000761180000)
 Metaspace       used 4403K, capacity 4708K, committed 4992K, reserved 1056768K
  class space    used 480K, capacity 526K, committed 640K, reserved 1048576K
Event: 5.805 GC heap after
Heap after GC invocations=60 (full 47):
 PSYoungGen      total 993280K, used 0K [0x000000076b600000, 0x00000007ad480000, 0x00000007c0000000)
  eden space 982528K, 0% used [0x000000076b600000,0x000000076b600000,0x00000007a7580000)
  from space 10752K, 0% used [0x00000007a7580000,0x00000007a7580000,0x00000007a8000000)
  to   space 10752K, 0% used [0x00000007aca00000,0x00000007aca00000,0x00000007ad480000)
 ParOldGen       total 2604544K, used 1794185K [0x00000006c2200000, 0x0000000761180000, 0x000000076b600000)
  object space 2604544K, 68% used [0x00000006c2200000,0x000000072fa22610,0x0000000761180000)
 Metaspace       used 4403K, capacity 4708K, committed 4992K, reserved 1056768K
  class space    used 480K, capacity 526K, committed 640K, reserved 1048576K
}

