# JRE version: Java(TM) SE Runtime Environment (8.0_171-b11) (build 1.8.0_171-b11)
# Java VM: Java HotSpot(TM) 64-Bit Server VM (25.171-b11 mixed mode windows-amd64 compressed oops)
Heap:
 PSYoungGen      total 860672K, used 38485K [0x000000076b600000, 0x00000007a1180000, 0x00000007c0000000)
  eden space 848384K, 4% used [0x000000076b600000,0x000000076db955c0,0x000000079f280000)
  from space 12288K, 0% used [0x000000079f980000,0x000000079f980000,0x00000007a0580000)
  to   space 512K, 0% used [0x00000007a1100000,0x00000007a1100000,0x00000007a1180000)
 ParOldGen       total 2696704K, used 1772676K [0x00000006c2200000, 0x0000000766b80000, 0x000000076b600000)
  object space 2696704K, 65% used [0x00000006c2200000,0x000000072e521120,0x0000000766b80000)
 Metaspace       used 4396K, capacity 4708K, committed 4992K, reserved 1056768K
  class space    used 480K, capacity 526K, committed 640K, reserved 1048576K
GC Heap History (10 events):
Event: 10.882 GC heap before
{Heap before GC invocations=59 (full 44):
 PSYoungGen      total 860672K, used 847521K [0x000000076b600000, 0x00000007a1180000, 0x00000007c0000000)
  eden space 848384K, 99% used [0x000000076b600000,0x000000079f1a8458,0x000000079f280000)
  from space 12288K, 0% used [0x000000079f980000,0x000000079f980000,0x00000007a0580000)
  to   space 512K, 0% used [0x00000007a1100000,0x00000007a1100000,0x00000007a1180000)
 ParOldGen       total 2695168K, used 2565260K [0x00000006c2200000, 0x0000000766a00000, 0x000000076b600000)
  object space 2695168K, 95% used [0x00000006c2200000,0x000000075eb23018,0x0000000766a00000)
 Metaspace       used 4396K, capacity 4708K, committed 4992K, reserved 1056768K
  class space    used 480K, capacity 526K, committed 640K, reserved 1048576K
Event: 11.260 GC heap after
Heap after GC invocations=59 (full 44):
 PSYoungGen      total 860672K, used 717853K [0x000000076b600000, 0x00000007a1180000, 0x00000007c0000000)
  eden space 848384K, 84% used [0x000000076b600000,0x0000000797307540,0x000000079f280000)
  from space 12288K, 0% used [0x000000079f980000,0x000000079f980000,0x00000007a0580000)
  to   space 512K, 0% used [0x00000007a1100000,0x00000007a1100000,0x00000007a1180000)
 ParOldGen       total 2695168K, used 2694266K [0x00000006c2200000, 0x0000000766a00000, 0x000000076b600000)
  object space 2695168K, 99% used [0x00000006c2200000,0x000000076691eba0,0x0000000766a00000)
 Metaspace       used 4396K, capacity 4708K, committed 4992K, reserved 1056768K
  class space    used 480K, capacity 526K, committed 640K, reserved 1048576K
}
Event: 11.354 GC heap before
{Heap before GC invocations=60 (full 45):
 PSYoungGen      total 860672K, used 847538K [0x000000076b600000, 0x00000007a1180000, 0x00000007c0000000)
  eden space 848384K, 99% used [0x000000076b600000,0x000000079f1ac9d0,0x000000079f280000)
  from space 12288K, 0% used [0x000000079f980000,0x000000079f980000,0x00000007a0580000)
  to   space 512K, 0% used [0x00000007a1100000,0x00000007a1100000,0x00000007a1180000)
 ParOldGen       total 2695168K, used 2694266K [0x00000006c2200000, 0x0000000766a00000, 0x000000076b600000)
  object space 2695168K, 99% used [0x00000006c2200000,0x000000076691eba0,0x0000000766a00000)
 Metaspace       used 4396K, capacity 4708K, committed 4992K, reserved 1056768K
  class space    used 480K, capacity 526K, committed 640K, reserved 1048576K
Event: 11.378 GC heap after
Heap after GC invocations=60 (full 45):
 PSYoungGen      total 860672K, used 846884K [0x000000076b600000, 0x00000007a1180000, 0x00000007c0000000)
  eden space 848384K, 99% used [0x000000076b600000,0x000000079f1090d0,0x000000079f280000)
  from space 12288K, 0% used [0x000000079f980000,0x000000079f980000,0x00000007a0580000)
  to   space 512K, 0% used [0x00000007a1100000,0x00000007a1100000,0x00000007a1180000)
 ParOldGen       total 2695168K, used 2694266K [0x00000006c2200000, 0x0000000766a00000, 0x000000076b600000)
  object space 2695168K, 99% used [0x00000006c2200000,0x000000076691eba0,0x0000000766a00000)
 Metaspace       used 4396K, capacity 4708K, committed 4992K, reserved 1056768K
  class space    used 480K, capacity 526K, committed 640K, reserved 1048576K
}
Event: 11.379 GC heap before
{Heap before GC invocations=61 (full 46):
 PSYoungGen      total 860672K, used 848384K [0x000000076b600000, 0x00000007a1180000, 0x00000007c0000000)
  eden space 848384K, 100% used [0x000000076b600000,0x000000079f280000,0x000000079f280000)
  from space 12288K, 0% used [0x000000079f980000,0x000000079f980000,0x00000007a0580000)
  to   space 512K, 0% used [0x00000007a1100000,0x00000007a1100000,0x00000007a1180000)
 ParOldGen       total 2695168K, used 2694266K [0x00000006c2200000, 0x0000000766a00000, 0x000000076b600000)
  object space 2695168K, 99% used [0x00000006c2200000,0x000000076691eba0,0x0000000766a00000)
 Metaspace       used 4396K, capacity 4708K, committed 4992K, reserved 1056768K
  class space    used 480K, capacity 526K, committed 640K, reserved 1048576K
Event: 11.392 GC heap after
Heap after GC invocations=61 (full 46):
 PSYoungGen      total 860672K, used 847908K [0x000000076b600000, 0x00000007a1180000, 0x00000007c0000000)
  eden space 848384K, 99% used [0x000000076b600000,0x000000079f209130,0x000000079f280000)
  from space 12288K, 0% used [0x000000079f980000,0x000000079f980000,0x00000007a0580000)
  to   space 512K, 0% used [0x00000007a1100000,0x00000007a1100000,0x00000007a1180000)
 ParOldGen       total 2695168K, used 2694266K [0x00000006c2200000, 0x0000000766a00000, 0x000000076b600000)
  object space 2695168K, 99% used [0x00000006c2200000,0x000000076691eba0,0x0000000766a00000)
 Metaspace       used 4396K, capacity 4708K, committed 4992K, reserved 1056768K
  class space    used 480K, capacity 526K, committed 640K, reserved 1048576K
}
Event: 11.394 GC heap before
{Heap before GC invocations=62 (full 47):
 PSYoungGen      total 860672K, used 848384K [0x000000076b600000, 0x00000007a1180000, 0x00000007c0000000)
  eden space 848384K, 100% used [0x000000076b600000,0x000000079f280000,0x000000079f280000)
  from space 12288K, 0% used [0x000000079f980000,0x000000079f980000,0x00000007a0580000)
  to   space 512K, 0% used [0x00000007a1100000,0x00000007a1100000,0x00000007a1180000)
 ParOldGen       total 2696704K, used 2696314K [0x00000006c2200000, 0x0000000766b80000, 0x000000076b600000)
  object space 2696704K, 99% used [0x00000006c2200000,0x0000000766b1ebc0,0x0000000766b80000)
 Metaspace       used 4396K, capacity 4708K, committed 4992K, reserved 1056768K
  class space    used 480K, capacity 526K, committed 640K, reserved 1048576K
Event: 11.406 GC heap after
Heap after GC invocations=62 (full 47):
 PSYoungGen      total 860672K, used 847908K [0x000000076b600000, 0x00000007a1180000, 0x00000007c0000000)
  eden space 848384K, 99% used [0x000000076b600000,0x000000079f209180,0x000000079f280000)
  from space 12288K, 0% used [0x000000079f980000,0x000000079f980000,0x00000007a0580000)
  to   space 512K, 0% used [0x00000007a1100000,0x00000007a1100000,0x00000007a1180000)
 ParOldGen       total 2696704K, used 2696314K [0x00000006c2200000, 0x0000000766b80000, 0x000000076b600000)
  object space 2696704K, 99% used [0x00000006c2200000,0x0000000766b1ebc0,0x0000000766b80000)
 Metaspace       used 4396K, capacity 4708K, committed 4992K, reserved 1056768K
  class space    used 480K, capacity 526K, committed 640K, reserved 1048576K
}
Event: 11.406 GC heap before
{Heap before GC invocations=63 (full 48):
 PSYoungGen      total 860672K, used 847908K [0x000000076b600000, 0x00000007a1180000, 0x00000007c0000000)
  eden space 848384K, 99% used [0x000000076b600000,0x000000079f209180,0x000000079f280000)
  from space 12288K, 0% used [0x000000079f980000,0x000000079f980000,0x00000007a0580000)
  to   space 512K, 0% used [0x00000007a1100000,0x00000007a1100000,0x00000007a1180000)
 ParOldGen       total 2696704K, used 2696314K [0x00000006c2200000, 0x0000000766b80000, 0x000000076b600000)
  object space 2696704K, 99% used [0x00000006c2200000,0x0000000766b1ebc0,0x0000000766b80000)
 Metaspace       used 4396K, capacity 4708K, committed 4992K, reserved 1056768K
  class space    used 480K, capacity 526K, committed 640K, reserved 1048576K
Event: 11.549 GC heap after
Heap after GC invocations=63 (full 48):
 PSYoungGen      total 860672K, used 0K [0x000000076b600000, 0x00000007a1180000, 0x00000007c0000000)
  eden space 848384K, 0% used [0x000000076b600000,0x000000076b600000,0x000000079f280000)
  from space 12288K, 0% used [0x000000079f980000,0x000000079f980000,0x00000007a0580000)
  to   space 512K, 0% used [0x00000007a1100000,0x00000007a1100000,0x00000007a1180000)
 ParOldGen       total 2696704K, used 1772676K [0x00000006c2200000, 0x0000000766b80000, 0x000000076b600000)
  object space 2696704K, 65% used [0x00000006c2200000,0x000000072e521120,0x0000000766b80000)
 Metaspace       used 4396K, capacity 4708K, committed 4992K, reserved 1056768K
  class space    used 480K, capacity 526K, committed 640K, reserved 1048576K
}

