# JRE version: Java(TM) SE Runtime Environment (8.0_171-b11) (build 1.8.0_171-b11)
# Java VM: Java HotSpot(TM) 64-Bit Server VM (25.171-b11 mixed mode windows-amd64 compressed oops)
Heap:
 PSYoungGen      total 803840K, used 17078K [0x000000076b600000, 0x000000079fa80000, 0x00000007c0000000)
  eden space 788992K, 2% used [0x000000076b600000,0x000000076c6ad988,0x000000079b880000)
  from space 14848K, 0% used [0x000000079ec00000,0x000000079ec00000,0x000000079fa80000)
  to   space 18432K, 0% used [0x000000079d680000,0x000000079d680000,0x000000079e880000)
 ParOldGen       total 2700800K, used 1745025K [0x00000006c2200000, 0x0000000766f80000, 0x000000076b600000)
  object space 2700800K, 64% used [0x00000006c2200000,0x000000072ca20648,0x0000000766f80000)
 Metaspace       used 4407K, capacity 4708K, committed 4992K, reserved 1056768K
  class space    used 480K, capacity 526K, committed 640K, reserved 1048576K
GC Heap History (10 events):
Event: 68.382 GC heap before
{Heap before GC invocations=68 (full 50):
 PSYoungGen      total 786944K, used 770897K [0x000000076b600000, 0x000000079fa80000, 0x00000007c0000000)
  eden space 771072K, 99% used [0x000000076b600000,0x000000079a6d4608,0x000000079a700000)
  from space 15872K, 0% used [0x000000079dc80000,0x000000079dc80000,0x000000079ec00000)
  to   space 14848K, 0% used [0x000000079ec00000,0x000000079ec00000,0x000000079fa80000)
 ParOldGen       total 2700800K, used 1537108K [0x00000006c2200000, 0x0000000766f80000, 0x000000076b600000)
  object space 2700800K, 56% used [0x00000006c2200000,0x000000071ff150e0,0x0000000766f80000)
 Metaspace       used 4407K, capacity 4708K, committed 4992K, reserved 1056768K
  class space    used 480K, capacity 526K, committed 640K, reserved 1048576K
Event: 68.443 GC heap after
Heap after GC invocations=68 (full 50):
 PSYoungGen      total 803840K, used 14464K [0x000000076b600000, 0x000000079fa80000, 0x00000007c0000000)
  eden space 788992K, 0% used [0x000000076b600000,0x000000076b600000,0x000000079b880000)
  from space 14848K, 97% used [0x000000079ec00000,0x000000079fa200e0,0x000000079fa80000)
  to   space 18432K, 0% used [0x000000079d680000,0x000000079d680000,0x000000079e880000)
 ParOldGen       total 2700800K, used 2325600K [0x00000006c2200000, 0x0000000766f80000, 0x000000076b600000)
  object space 2700800K, 86% used [0x00000006c2200000,0x0000000750118100,0x0000000766f80000)
 Metaspace       used 4407K, capacity 4708K, committed 4992K, reserved 1056768K
  class space    used 480K, capacity 526K, committed 640K, reserved 1048576K
}
Event: 68.443 GC heap before
{Heap before GC invocations=69 (full 51):
 PSYoungGen      total 803840K, used 14464K [0x000000076b600000, 0x000000079fa80000, 0x00000007c0000000)
  eden space 788992K, 0% used [0x000000076b600000,0x000000076b600000,0x000000079b880000)
  from space 14848K, 97% used [0x000000079ec00000,0x000000079fa200e0,0x000000079fa80000)
  to   space 18432K, 0% used [0x000000079d680000,0x000000079d680000,0x000000079e880000)
 ParOldGen       total 2700800K, used 2325600K [0x00000006c2200000, 0x0000000766f80000, 0x000000076b600000)
  object space 2700800K, 86% used [0x00000006c2200000,0x0000000750118100,0x0000000766f80000)
 Metaspace       used 4407K, capacity 4708K, committed 4992K, reserved 1056768K
  class space    used 480K, capacity 526K, committed 640K, reserved 1048576K
Event: 68.486 GC heap after
Heap after GC invocations=69 (full 51):
 PSYoungGen      total 803840K, used 0K [0x000000076b600000, 0x000000079fa80000, 0x00000007c0000000)
  eden space 788992K, 0% used [0x000000076b600000,0x000000076b600000,0x000000079b880000)
  from space 14848K, 0% used [0x000000079ec00000,0x000000079ec00000,0x000000079fa80000)
  to   space 18432K, 0% used [0x000000079d680000,0x000000079d680000,0x000000079e880000)
 ParOldGen       total 2700800K, used 2307197K [0x00000006c2200000, 0x0000000766f80000, 0x000000076b600000)
  object space 2700800K, 85% used [0x00000006c2200000,0x000000074ef1f560,0x0000000766f80000)
 Metaspace       used 4407K, capacity 4708K, committed 4992K, reserved 1056768K
  class space    used 480K, capacity 526K, committed 640K, reserved 1048576K
}
Event: 72.528 GC heap before
{Heap before GC invocations=70 (full 52):
 PSYoungGen      total 803840K, used 787984K [0x000000076b600000, 0x000000079fa80000, 0x00000007c0000000)
  eden space 788992K, 99% used [0x000000076b600000,0x000000079b784038,0x000000079b880000)
  from space 14848K, 0% used [0x000000079ec00000,0x000000079ec00000,0x000000079fa80000)
  to   space 18432K, 0% used [0x000000079d680000,0x000000079d680000,0x000000079e880000)
 ParOldGen       total 2700800K, used 2307197K [0x00000006c2200000, 0x0000000766f80000, 0x000000076b600000)
  object space 2700800K, 85% used [0x00000006c2200000,0x000000074ef1f560,0x0000000766f80000)
 Metaspace       used 4407K, capacity 4708K, committed 4992K, reserved 1056768K
  class space    used 480K, capacity 526K, committed 640K, reserved 1048576K
Event: 72.874 GC heap after
Heap after GC invocations=70 (full 52):
 PSYoungGen      total 803840K, used 394246K [0x000000076b600000, 0x000000079fa80000, 0x00000007c0000000)
  eden space 788992K, 49% used [0x000000076b600000,0x0000000783701810,0x000000079b880000)
  from space 14848K, 0% used [0x000000079ec00000,0x000000079ec00000,0x000000079fa80000)
  to   space 18432K, 0% used [0x000000079d680000,0x000000079d680000,0x000000079e880000)
 ParOldGen       total 2700800K, used 2700417K [0x00000006c2200000, 0x0000000766f80000, 0x000000076b600000)
  object space 2700800K, 99% used [0x00000006c2200000,0x0000000766f20448,0x0000000766f80000)
 Metaspace       used 4407K, capacity 4708K, committed 4992K, reserved 1056768K
  class space    used 480K, capacity 526K, committed 640K, reserved 1048576K
}
Event: 74.886 GC heap before
{Heap before GC invocations=71 (full 53):
 PSYoungGen      total 803840K, used 788928K [0x000000076b600000, 0x000000079fa80000, 0x00000007c0000000)
  eden space 788992K, 99% used [0x000000076b600000,0x000000079b8702b8,0x000000079b880000)
  from space 14848K, 0% used [0x000000079ec00000,0x000000079ec00000,0x000000079fa80000)
  to   space 18432K, 0% used [0x000000079d680000,0x000000079d680000,0x000000079e880000)
 ParOldGen       total 2700800K, used 2700417K [0x00000006c2200000, 0x0000000766f80000, 0x000000076b600000)
  object space 2700800K, 99% used [0x00000006c2200000,0x0000000766f20448,0x0000000766f80000)
 Metaspace       used 4407K, capacity 4708K, committed 4992K, reserved 1056768K
  class space    used 480K, capacity 526K, committed 640K, reserved 1048576K
Event: 74.948 GC heap after
Heap after GC invocations=71 (full 53):
 PSYoungGen      total 803840K, used 788507K [0x000000076b600000, 0x000000079fa80000, 0x00000007c0000000)
  eden space 788992K, 99% used [0x000000076b600000,0x000000079b806c70,0x000000079b880000)
  from space 14848K, 0% used [0x000000079ec00000,0x000000079ec00000,0x000000079fa80000)
  to   space 18432K, 0% used [0x000000079d680000,0x000000079d680000,0x000000079e880000)
 ParOldGen       total 2700800K, used 2700417K [0x00000006c2200000, 0x0000000766f80000, 0x000000076b600000)
  object space 2700800K, 99% used [0x00000006c2200000,0x0000000766f20448,0x0000000766f80000)
 Metaspace       used 4407K, capacity 4708K, committed 4992K, reserved 1056768K
  class space    used 480K, capacity 526K, committed 640K, reserved 1048576K
}
Event: 74.948 GC heap before
{Heap before GC invocations=72 (full 54):
 PSYoungGen      total 803840K, used 788507K [0x000000076b600000, 0x000000079fa80000, 0x00000007c0000000)
  eden space 788992K, 99% used [0x000000076b600000,0x000000079b806c70,0x000000079b880000)
  from space 14848K, 0% used [0x000000079ec00000,0x000000079ec00000,0x000000079fa80000)
  to   space 18432K, 0% used [0x000000079d680000,0x000000079d680000,0x000000079e880000)
 ParOldGen       total 2700800K, used 2700417K [0x00000006c2200000, 0x0000000766f80000, 0x000000076b600000)
  object space 2700800K, 99% used [0x00000006c2200000,0x0000000766f20448,0x0000000766f80000)
 Metaspace       used 4407K, capacity 4708K, committed 4992K, reserved 1056768K
  class space    used 480K, capacity 526K, committed 640K, reserved 1048576K
Event: 75.090 GC heap after
Heap after GC invocations=72 (full 54):
 PSYoungGen      total 803840K, used 0K [0x000000076b600000, 0x000000079fa80000, 0x00000007c0000000)
  eden space 788992K, 0% used [0x000000076b600000,0x000000076b600000,0x000000079b880000)
  from space 14848K, 0% used [0x000000079ec00000,0x000000079ec00000,0x000000079fa80000)
  to   space 18432K, 0% used [0x000000079d680000,0x000000079d680000,0x000000079e880000)
 ParOldGen       total 2700800K, used 1745025K [0x00000006c2200000, 0x0000000766f80000, 0x000000076b600000)
  object space 2700800K, 64% used [0x00000006c2200000,0x000000072ca20648,0x0000000766f80000)
 Metaspace       used 4407K, capacity 4708K, committed 4992K, reserved 1056768K
  class space    used 480K, capacity 526K, committed 640K, reserved 1048576K
}

